2018-11-19 18:48:19,582 [INFO  ] [background-preinit] Version = HV000001: Hibernate Validator 6.0.13.Final
2018-11-19 18:48:20,061 [INFO  ] [main] Application = Starting Application on e0740179b284 with PID 1692 (/src/target/classes started by root in /src)
2018-11-19 18:48:20,070 [INFO  ] [main] Application = No active profile set, falling back to default profiles: default
2018-11-19 18:48:22,367 [INFO  ] [main] TomcatWebServer = Tomcat initialized with port(s): 8080 (http)
2018-11-19 18:48:22,582 [INFO  ] [main] ContextLoader = Root WebApplicationContext: initialization completed in 2379 ms
2018-11-19 18:48:22,637 [INFO  ] [main] ServletRegistrationBean = Servlet dispatcherServlet mapped to [/]
2018-11-19 18:48:22,642 [INFO  ] [main] FilterRegistrationBean = Mapping filter: 'characterEncodingFilter' to: [/*]
2018-11-19 18:48:22,642 [INFO  ] [main] FilterRegistrationBean = Mapping filter: 'hiddenHttpMethodFilter' to: [/*]
2018-11-19 18:48:22,642 [INFO  ] [main] FilterRegistrationBean = Mapping filter: 'formContentFilter' to: [/*]
2018-11-19 18:48:22,643 [INFO  ] [main] FilterRegistrationBean = Mapping filter: 'requestContextFilter' to: [/*]
2018-11-19 18:48:23,038 [INFO  ] [main] ThreadPoolTaskExecutor = Initializing ExecutorService 'applicationTaskExecutor'
2018-11-19 18:48:23,327 [INFO  ] [main] TomcatWebServer = Tomcat started on port(s): 8080 (http) with context path ''
2018-11-19 18:48:23,331 [INFO  ] [main] Application = Started Application in 4.269 seconds (JVM running for 10.249)
2018-11-19 18:50:38,944 [INFO  ] [http-nio-8080-exec-1] DispatcherServlet = Initializing Servlet 'dispatcherServlet'
2018-11-19 18:50:38,974 [INFO  ] [http-nio-8080-exec-1] DispatcherServlet = Completed initialization in 29 ms
2018-11-19 18:50:39,075 [INFO  ] [http-nio-8080-exec-1] GreetingController = /api/greeting called: Greeting(id=1, content=Hello, World!)
2018-11-19 18:53:58,511 [INFO  ] [http-nio-8080-exec-5] GreetingController = /api/greeting called: Greeting(id=2, content=Hello, World!)
2018-11-19 18:54:04,335 [INFO  ] [http-nio-8080-exec-6] GreetingController = /api/greeting called: Greeting(id=3, content=Hello, calvin!)
2018-11-19 19:13:06,667 [INFO  ] [Thread-3] ThreadPoolTaskExecutor = Shutting down ExecutorService 'applicationTaskExecutor'
2018-11-19 19:13:18,951 [INFO  ] [background-preinit] Version = HV000001: Hibernate Validator 6.0.13.Final
2018-11-19 19:13:19,488 [INFO  ] [main] Application = Starting Application on e0740179b284 with PID 3629 (/src/target/classes started by root in /src)
2018-11-19 19:13:19,492 [INFO  ] [main] Application = No active profile set, falling back to default profiles: default
2018-11-19 19:13:22,402 [INFO  ] [main] TomcatWebServer = Tomcat initialized with port(s): 8080 (http)
2018-11-19 19:13:22,611 [INFO  ] [main] ContextLoader = Root WebApplicationContext: initialization completed in 2922 ms
2018-11-19 19:13:22,678 [INFO  ] [main] ServletRegistrationBean = Servlet dispatcherServlet mapped to [/]
2018-11-19 19:13:22,684 [INFO  ] [main] FilterRegistrationBean = Mapping filter: 'characterEncodingFilter' to: [/*]
2018-11-19 19:13:22,685 [INFO  ] [main] FilterRegistrationBean = Mapping filter: 'hiddenHttpMethodFilter' to: [/*]
2018-11-19 19:13:22,685 [INFO  ] [main] FilterRegistrationBean = Mapping filter: 'formContentFilter' to: [/*]
2018-11-19 19:13:22,686 [INFO  ] [main] FilterRegistrationBean = Mapping filter: 'requestContextFilter' to: [/*]
2018-11-19 19:13:23,298 [INFO  ] [main] ThreadPoolTaskExecutor = Initializing ExecutorService 'applicationTaskExecutor'
2018-11-19 19:13:23,792 [INFO  ] [main] TomcatWebServer = Tomcat started on port(s): 8080 (http) with context path ''
2018-11-19 19:13:23,799 [INFO  ] [main] Application = Started Application in 5.742 seconds (JVM running for 15.217)
2018-11-19 19:13:31,156 [INFO  ] [http-nio-8080-exec-1] DispatcherServlet = Initializing Servlet 'dispatcherServlet'
2018-11-19 19:13:31,173 [INFO  ] [http-nio-8080-exec-1] DispatcherServlet = Completed initialization in 16 ms
2018-11-19 19:13:44,775 [INFO  ] [http-nio-8080-exec-4] GreetingController = /api/greeting called: Greeting(id=1, content=Hello, World!)
2018-11-19 19:13:58,447 [INFO  ] [Thread-3] ThreadPoolTaskExecutor = Shutting down ExecutorService 'applicationTaskExecutor'
